1
white heuristic1
black mcts0
-1.0
average time 670.0370161533356
2
white heuristic1
black mcts1
0.0
average time 602.8988755941391
3
white heuristic1
black mcts2
0.3333333333333333
average time 633.7358106772105
4
white heuristic1
black mcts3
0.5
average time 639.0775302648544
5
white heuristic2
black mcts3
0.2
average time 646.2636742591858
6
white heuristic2
black mcts4
0.3333333333333333
average time 642.6684811909994
7
white heuristic2
black mcts5
0.42857142857142855
average time 646.0446835586002
8
white heuristic3
black mcts5
0.25
average time 648.6072579026222
9
white heuristic4
black mcts5
0.1111111111111111
average time 651.8407368924883
10
white heuristic4
black mcts6
0.2
average time 647.2538609027863
11
white heuristic4
black mcts7
0.2727272727272727
average time 655.399839552966
12
white heuristic5
black mcts7
0.16666666666666666
average time 657.1122525135676
13
white heuristic5
black mcts8
0.23076923076923078
average time 663.1085771780747
14
white heuristic5
black mcts9
0.2857142857142857
average time 676.8916335787092
