timelimit is 1
1
white heuristic1
black mcts0
-1.0
average time 81.6984510421753
2
white heuristic2
black mcts0
-1.0
average time 87.80312693119049
3
white heuristic2
black mcts1
-0.3333333333333333
average time 86.34872364997864
4
white heuristic3
black mcts1
-0.5
average time 83.77630698680878
5
white heuristic3
black mcts2
-0.2
average time 79.5765610218048
6
white heuristic4
black mcts2
-0.3333333333333333
average time 81.82049636046092
7
white heuristic5
black mcts2
-0.42857142857142855
average time 82.04900683675494
8
white heuristic6
black mcts2
-0.5
average time 81.03245636820793
9
white heuristic7
black mcts2
-0.5555555555555556
average time 81.8243547545539
10
white heuristic7
black mcts3
-0.4
average time 80.9818321943283
11
white heuristic7
black mcts4
-0.2727272727272727
average time 81.22847572239962
12
white heuristic7
black mcts5
-0.16666666666666666
average time 80.57187632719676
13
white heuristic7
black mcts6
-0.07692307692307693
average time 79.83711024431082
14
white heuristic8
black mcts6
-0.14285714285714285
average time 79.40180170536041
15
white heuristic9
black mcts6
-0.2
average time 78.83049120903016
16
white heuristic10
black mcts6
-0.25
average time 78.7156288176775
17
white heuristic10
black mcts7
-0.17647058823529413
average time 78.2263747664059
18
white heuristic10
black mcts8
-0.1111111111111111
average time 78.49886172347598
19
white heuristic10
black mcts9
-0.05263157894736842
average time 78.58230011086715
20
white heuristic11
black mcts9
-0.1
average time 78.84176454544067
21
white heuristic11
black mcts10
-0.047619047619047616
average time 78.51335162208194
22
white heuristic11
black mcts11
0.0
average time 78.94937114282088
23
white heuristic12
black mcts11
-0.043478260869565216
average time 79.0956447850103
24
white heuristic13
black mcts11
-0.08333333333333333
average time 79.85292625427246
25
white heuristic14
black mcts11
-0.12
average time 80.12759411811828
26
white heuristic14
black mcts12
-0.07692307692307693
average time 80.03190303765811
27
white heuristic15
black mcts12
-0.1111111111111111
average time 80.11667044957478
28
white heuristic15
black mcts13
-0.07142857142857142
average time 79.73973510095051
29
white heuristic16
black mcts13
-0.10344827586206896
average time 79.95188954780842
30
white heuristic16
black mcts14
-0.06666666666666667
average time 80.20077679951986
31
white heuristic17
black mcts14
-0.0967741935483871
average time 80.23227603204789
32
white heuristic18
black mcts14
-0.125
average time 80.19597475230694
33
white heuristic19
black mcts14
-0.15151515151515152
average time 80.38801848527157
34
white heuristic20
black mcts14
-0.17647058823529413
average time 80.2192538205315
35
white heuristic20
black mcts15
-0.14285714285714285
average time 79.96217242649624
36
white heuristic21
black mcts15
-0.16666666666666666
average time 80.09626244174109
37
white heuristic22
black mcts15
-0.1891891891891892
average time 79.98155637689538
38
white heuristic22
black mcts16
-0.15789473684210525
average time 80.23074952552193
39
white heuristic22
black mcts17
-0.1282051282051282
average time 80.39672703009386
40
white heuristic23
black mcts17
-0.15
average time 80.23015434741974
41
white heuristic24
black mcts17
-0.17073170731707318
average time 80.25125504703057
42
white heuristic25
black mcts17
-0.19047619047619047
average time 80.77310352666038
43
white heuristic25
black mcts18
-0.16279069767441862
average time 81.04027309528617
44
white heuristic25
black mcts19
-0.13636363636363635
average time 81.03156368298964
45
white heuristic26
black mcts19
-0.15555555555555556
average time 80.83283202383254
46
white heuristic26
black mcts20
-0.13043478260869565
average time 80.54165849478349
47
white heuristic26
black mcts21
-0.10638297872340426
average time 80.42187995606281
48
white heuristic27
black mcts21
-0.125
average time 80.55091291666031
49
white heuristic27
black mcts22
-0.10204081632653061
average time 80.24612116327091
50
white heuristic27
black mcts23
-0.08
average time 80.11839559555054
51
white heuristic28
black mcts23
-0.09803921568627451
average time 80.01099707566055
52
white heuristic28
black mcts24
-0.07692307692307693
average time 80.22760015267592
53
white heuristic29
black mcts24
-0.09433962264150944
average time 80.09399795982073
54
white heuristic29
black mcts25
-0.07407407407407407
average time 80.09906218228517
55
white heuristic29
black mcts26
-0.05454545454545454
average time 79.97434808991171
56
white heuristic30
black mcts26
-0.07142857142857142
average time 80.100119301251
57
white heuristic30
black mcts27
-0.05263157894736842
average time 79.74915413689195
58
white heuristic30
black mcts28
-0.034482758620689655
average time 79.6405936191822
59
white heuristic30
black mcts29
-0.01694915254237288
average time 79.50116815001277
60
white heuristic31
black mcts29
-0.03333333333333333
average time 79.57015235026678
61
white heuristic31
black mcts30
-0.01639344262295082
average time 79.55595148977686
62
white heuristic31
black mcts31
0.0
average time 79.50733737022647
63
white heuristic31
black mcts32
0.015873015873015872
average time 79.44712349346706
64
white heuristic32
black mcts32
0.0
average time 79.44953778013587
65
white heuristic32
black mcts33
0.015384615384615385
average time 79.50461257054256
66
white heuristic33
black mcts33
0.0
average time 79.50451268210556
67
white heuristic34
black mcts33
-0.014925373134328358
average time 79.62877929744435
68
white heuristic34
black mcts34
0.0
average time 79.81431210041046
69
white heuristic35
black mcts34
-0.014492753623188406
average time 79.71071492761806
70
white heuristic35
black mcts35
0.0
average time 79.41455598558699
71
white heuristic36
black mcts35
-0.014084507042253521
average time 79.3137945625144
72
white heuristic37
black mcts35
-0.027777777777777776
average time 79.47873588734203
73
white heuristic38
black mcts35
-0.0410958904109589
average time 79.41876255976011
74
white heuristic39
black mcts35
-0.05405405405405406
average time 79.32848127146025
75
white heuristic39
black mcts36
-0.04
average time 79.25647356033325
76
white heuristic39
black mcts37
-0.02631578947368421
average time 79.18268957577254
77
white heuristic39
black mcts38
-0.012987012987012988
average time 79.08977167327683
78
white heuristic39
black mcts39
0.0
average time 79.11738948638623
79
white heuristic39
black mcts40
0.012658227848101266
average time 79.14594738091094
80
white heuristic40
black mcts40
0.0
average time 79.18872471153736
81
white heuristic41
black mcts40
-0.012345679012345678
average time 79.17837629789187
82
white heuristic41
black mcts41
0.0
average time 79.39002923267644
83
white heuristic42
black mcts41
-0.012048192771084338
average time 79.4180412407381
84
white heuristic43
black mcts41
-0.023809523809523808
average time 79.38523063205537
85
white heuristic44
black mcts41
-0.03529411764705882
average time 79.52524591614218
86
white heuristic45
black mcts41
-0.046511627906976744
average time 79.98652942790541
87
white heuristic45
black mcts42
-0.034482758620689655
average time 80.14505047085642
88
white heuristic46
black mcts42
-0.045454545454545456
average time 80.17211307991634
89
white heuristic46
black mcts43
-0.033707865168539325
average time 80.13433907808883
90
white heuristic46
black mcts44
-0.022222222222222223
average time 80.13107607629564
91
white heuristic46
black mcts45
-0.01098901098901099
average time 80.19335308703748
92
white heuristic47
black mcts45
-0.021739130434782608
average time 80.17397629178089
93
white heuristic47
black mcts46
-0.010752688172043012
average time 80.03963029000067
94
white heuristic47
black mcts47
0.0
average time 80.04434465854726
95
white heuristic48
black mcts47
-0.010526315789473684
average time 80.0192646302675
96
white heuristic49
black mcts47
-0.020833333333333332
average time 79.9666838546594
97
white heuristic49
black mcts48
-0.010309278350515464
average time 79.93517827741879
98
white heuristic50
black mcts48
-0.02040816326530612
average time 80.03786192864789
99
white heuristic51
black mcts48
-0.030303030303030304
average time 80.10870565549291
100
white heuristic51
black mcts49
-0.02
average time 79.99521239042282
101
white heuristic52
black mcts49
-0.0297029702970297
average time 80.26502627665454
102
white heuristic53
black mcts49
-0.0392156862745098
average time 80.1867268926957
103
white heuristic53
black mcts50
-0.02912621359223301
average time 80.0541703793609
104
white heuristic54
black mcts50
-0.038461538461538464
average time 80.09019932609338
105
white heuristic54
black mcts51
-0.02857142857142857
average time 79.93635414441427
106
white heuristic54
black mcts52
-0.018867924528301886
average time 79.85684478282928
107
white heuristic54
black mcts53
-0.009345794392523364
average time 79.72746204661432
108
white heuristic54
black mcts54
0.0
average time 79.87854261089254
109
white heuristic54
black mcts55
0.009174311926605505
average time 79.81517857805305
110
white heuristic55
black mcts55
0.0
average time 79.72921547239477
111
white heuristic56
black mcts55
-0.009009009009009009
average time 79.67698135891476
112
white heuristic56
black mcts56
0.0
average time 79.89786301766124
113
white heuristic57
black mcts56
-0.008849557522123894
average time 80.03272973330675
114
white heuristic57
black mcts57
0.0
average time 80.05068738418713
115
white heuristic58
black mcts57
-0.008695652173913044
average time 80.08831446896428
116
white heuristic59
black mcts57
-0.017241379310344827
average time 79.9731911030309
117
white heuristic59
black mcts58
-0.008547008547008548
average time 80.13527726515746
118
white heuristic60
black mcts58
-0.01694915254237288
average time 80.20024924359079
119
white heuristic60
black mcts59
-0.008403361344537815
average time 80.08724816707002
120
white heuristic61
black mcts59
-0.016666666666666666
average time 80.07391537427903
121
white heuristic62
black mcts59
-0.024793388429752067
average time 80.28198638041157
122
white heuristic62
black mcts60
-0.01639344262295082
average time 80.13743816438269
123
white heuristic63
black mcts60
-0.024390243902439025
average time 80.16569073801118
124
white heuristic63
black mcts61
-0.016129032258064516
average time 80.10430420021856
125
white heuristic64
black mcts61
-0.024
average time 80.04219066429138
126
white heuristic65
black mcts61
-0.031746031746031744
average time 80.08586310394226
127
white heuristic65
black mcts62
-0.023622047244094488
average time 79.99833552668414
128
white heuristic66
black mcts62
-0.03125
average time 79.85086800903082
129
white heuristic66
black mcts63
-0.023255813953488372
average time 79.77118886718455
130
white heuristic67
black mcts63
-0.03076923076923077
average time 79.78695997641637
131
white heuristic68
black mcts63
-0.03816793893129771
average time 79.76970387051124
132
white heuristic69
black mcts63
-0.045454545454545456
average time 79.80589794028889
133
white heuristic69
black mcts64
-0.03759398496240601
average time 79.96088008235272
134
white heuristic69
black mcts65
-0.029850746268656716
average time 79.99177540238225
135
white heuristic70
black mcts65
-0.037037037037037035
average time 79.94376487555327
136
white heuristic71
black mcts65
-0.04411764705882353
average time 79.88850234536564
137
white heuristic71
black mcts66
-0.0364963503649635
average time 79.84842007177589
138
white heuristic71
black mcts67
-0.028985507246376812
average time 79.8119513625684
