1
white heuristic0
black mcts1
1.0
average time 80.5031430721283
2
white heuristic1
black mcts1
0.0
average time 84.91756558418274
3
white heuristic2
black mcts1
-0.3333333333333333
average time 83.79272635777791
4
white heuristic2
black mcts2
0.0
average time 83.50723803043365
5
white heuristic3
black mcts2
-0.2
average time 83.27335000038147
6
white heuristic3
black mcts3
0.0
average time 81.52432135740916
7
white heuristic3
black mcts4
0.14285714285714285
average time 80.93873487200055
8
white heuristic4
black mcts4
0.0
average time 79.44896399974823
9
white heuristic5
black mcts4
-0.1111111111111111
average time 79.98811613188849
10
white heuristic5
black mcts5
0.0
average time 80.01465842723846
11
white heuristic5
black mcts6
0.09090909090909091
average time 79.72085675326261
12
white heuristic6
black mcts6
0.0
average time 79.01357885201772
13
white heuristic7
black mcts6
-0.07692307692307693
average time 78.83742116047786
14
white heuristic7
black mcts7
0.0
average time 78.01879257815224
15
white heuristic7
black mcts8
0.06666666666666667
average time 77.25852227210999
16
white heuristic8
black mcts8
0.0
average time 76.87302088737488
17
white heuristic8
black mcts9
0.058823529411764705
average time 77.52581630033605
18
white heuristic9
black mcts9
0.0
average time 78.06578699747722
19
white heuristic9
black mcts10
0.05263157894736842
average time 77.32966174577412
20
white heuristic9
black mcts11
0.1
average time 77.46301920413971
21
white heuristic9
black mcts12
0.14285714285714285
average time 77.64390633219764
22
white heuristic9
black mcts13
0.18181818181818182
average time 78.54462773149663
23
white heuristic10
black mcts13
0.13043478260869565
average time 78.28548156696817
24
white heuristic11
black mcts13
0.08333333333333333
average time 78.61180441578229
25
white heuristic12
black mcts13
0.04
average time 78.59297100067138
26
white heuristic12
black mcts14
0.07692307692307693
average time 79.07436423118298
27
white heuristic13
black mcts14
0.037037037037037035
average time 78.75416966720864
28
white heuristic13
black mcts15
0.07142857142857142
average time 78.72062460865293
29
white heuristic13
black mcts16
0.10344827586206896
average time 78.21931062073543
30
white heuristic13
black mcts17
0.13333333333333333
average time 78.10775633653004
31
white heuristic13
black mcts18
0.16129032258064516
average time 78.44961565540683
32
white heuristic13
black mcts19
0.1875
average time 78.28590524941683
33
white heuristic13
black mcts20
0.21212121212121213
average time 78.44866033756372
34
white heuristic14
black mcts20
0.17647058823529413
average time 78.38365394227645
35
white heuristic14
black mcts21
0.2
average time 78.38987840924945
36
white heuristic15
black mcts21
0.16666666666666666
average time 78.59394384092755
37
white heuristic15
black mcts22
0.1891891891891892
average time 78.69456108196361
38
white heuristic15
black mcts23
0.21052631578947367
average time 78.744668188848
39
white heuristic16
black mcts23
0.1794871794871795
average time 78.55810710711357
40
white heuristic16
black mcts24
0.2
average time 78.64312292933464
41
white heuristic16
black mcts25
0.21951219512195122
average time 78.5720131978756
42
white heuristic17
black mcts25
0.19047619047619047
average time 78.97496174063001
43
white heuristic17
black mcts26
0.20930232558139536
average time 78.79269344862118
44
white heuristic17
black mcts27
0.22727272727272727
average time 78.78748252716932
45
white heuristic17
black mcts28
0.24444444444444444
average time 78.55186404652066
46
white heuristic17
black mcts29
0.2608695652173913
average time 78.60502274658369
47
white heuristic18
black mcts29
0.23404255319148937
average time 78.48192013070938
48
white heuristic19
black mcts29
0.20833333333333334
average time 78.3057073354721
49
white heuristic19
black mcts30
0.22448979591836735
average time 78.67344287950165
50
white heuristic19
black mcts31
0.24
average time 78.49485116004944
51
white heuristic19
black mcts32
0.2549019607843137
average time 78.52300178770925
52
white heuristic20
black mcts32
0.23076923076923078
average time 78.54850246814581
53
white heuristic20
black mcts33
0.24528301886792453
average time 78.66034155071907
54
white heuristic20
black mcts34
0.25925925925925924
average time 78.4686239251384
55
white heuristic21
black mcts34
0.23636363636363636
average time 78.46905411373486
56
white heuristic22
black mcts34
0.21428571428571427
average time 78.49776571563312
57
white heuristic22
black mcts35
0.22807017543859648
average time 78.32317400396916
58
white heuristic22
black mcts36
0.2413793103448276
average time 78.48787605351416
59
white heuristic23
black mcts36
0.22033898305084745
average time 78.78563556024584
60
white heuristic23
black mcts37
0.23333333333333334
average time 78.73045848608017
61
white heuristic24
black mcts37
0.21311475409836064
average time 78.6447533818542
62
white heuristic25
black mcts37
0.1935483870967742
average time 78.45752090407956
63
white heuristic25
black mcts38
0.20634920634920634
average time 78.66090396850828
64
white heuristic26
black mcts38
0.1875
average time 78.61347432807088
65
white heuristic26
black mcts39
0.2
average time 78.60679735770593
66
white heuristic26
black mcts40
0.21212121212121213
average time 78.48494748996966
67
white heuristic27
black mcts40
0.19402985074626866
average time 78.47938406289514
68
white heuristic28
black mcts40
0.17647058823529413
average time 78.51678594420937
69
white heuristic28
black mcts41
0.18840579710144928
average time 78.63241717435312
70
white heuristic29
black mcts41
0.17142857142857143
average time 78.65186826160976
71
white heuristic29
black mcts42
0.18309859154929578
average time 78.5901484523021
72
white heuristic29
black mcts43
0.19444444444444445
average time 78.60141355792682
73
white heuristic30
black mcts43
0.1780821917808219
average time 78.5455153837596
74
white heuristic31
black mcts43
0.16216216216216217
average time 78.65621701768927
75
white heuristic31
black mcts44
0.17333333333333334
average time 78.80012796084087
76
white heuristic31
black mcts45
0.18421052631578946
average time 78.9357462933189
77
white heuristic32
black mcts45
0.16883116883116883
average time 78.88504486889035
78
white heuristic33
black mcts45
0.15384615384615385
average time 78.79958123121506
79
white heuristic34
black mcts45
0.13924050632911392
average time 78.75880181034908
80
white heuristic34
black mcts46
0.15
average time 78.7143259882927
81
white heuristic35
black mcts46
0.13580246913580246
average time 78.77091049264979
82
white heuristic36
black mcts46
0.12195121951219512
average time 78.77400370923485
83
white heuristic36
black mcts47
0.13253012048192772
average time 78.67918658256531
84
white heuristic37
black mcts47
0.11904761904761904
average time 78.70707595348358
85
white heuristic37
black mcts48
0.12941176470588237
average time 78.72681802581339
86
white heuristic37
black mcts49
0.13953488372093023
average time 78.6436617928882
87
white heuristic37
black mcts50
0.14942528735632185
average time 78.57251102348854
88
white heuristic37
black mcts51
0.1590909090909091
average time 78.64583709294146
89
white heuristic37
black mcts52
0.16853932584269662
average time 78.74688457371144
90
white heuristic38
black mcts52
0.15555555555555556
average time 78.71418290138244
91
white heuristic38
black mcts53
0.16483516483516483
average time 78.67560627696278
92
white heuristic39
black mcts53
0.15217391304347827
average time 78.65455956821856
93
white heuristic40
black mcts53
0.13978494623655913
average time 78.85597467935213
94
white heuristic41
black mcts53
0.1276595744680851
average time 78.87160260626611
95
white heuristic42
black mcts53
0.11578947368421053
average time 79.01712536811829
96
white heuristic42
black mcts54
0.125
average time 79.07038496931393
97
white heuristic43
black mcts54
0.1134020618556701
average time 79.12549783519863
98
white heuristic44
black mcts54
0.10204081632653061
average time 79.03960788979822
99
white heuristic44
black mcts55
0.1111111111111111
average time 79.13144815329349
100
white heuristic44
black mcts56
0.12
average time 79.11213558197022
101
white heuristic45
black mcts56
0.10891089108910891
average time 79.07038615009573
102
white heuristic45
black mcts57
0.11764705882352941
average time 79.03845981523102
103
white heuristic46
black mcts57
0.10679611650485436
average time 79.00568740807691
104
white heuristic47
black mcts57
0.09615384615384616
average time 78.96383484739523
105
white heuristic47
black mcts58
0.10476190476190476
average time 78.92405373482477
106
white heuristic47
black mcts59
0.11320754716981132
average time 78.75469281088631
107
white heuristic48
black mcts59
0.102803738317757
average time 78.71210521626695
108
white heuristic48
black mcts60
0.1111111111111111
average time 78.77550554717028
109
white heuristic48
black mcts61
0.11926605504587157
average time 78.73008317684909
110
white heuristic49
black mcts61
0.10909090909090909
average time 78.67567537481135
111
white heuristic49
black mcts62
0.11711711711711711
average time 78.66372757774215
112
white heuristic50
black mcts62
0.10714285714285714
average time 78.59101630534444
113
white heuristic51
black mcts62
0.09734513274336283
average time 78.53024370902408
114
white heuristic51
black mcts63
0.10526315789473684
average time 78.5270412721132
115
white heuristic51
black mcts64
0.11304347826086956
average time 78.49926912266275
116
white heuristic52
black mcts64
0.10344827586206896
average time 78.41010436312905
117
white heuristic53
black mcts64
0.09401709401709402
average time 78.48850018142635
118
white heuristic54
black mcts64
0.0847457627118644
average time 78.57175398479073
119
white heuristic54
black mcts65
0.09243697478991597
average time 78.59640858153335
120
white heuristic54
black mcts66
0.1
average time 78.83396060069403
121
white heuristic55
black mcts66
0.09090909090909091
average time 78.88143145545455
122
white heuristic55
black mcts67
0.09836065573770492
average time 78.82799175332804
123
white heuristic55
black mcts68
0.10569105691056911
average time 78.78975222168899
124
white heuristic55
black mcts69
0.11290322580645161
average time 78.72905239558989
125
white heuristic55
black mcts70
0.12
average time 78.72940199279785
126
white heuristic55
black mcts71
0.12698412698412698
average time 78.65703762712933
127
white heuristic56
black mcts71
0.11811023622047244
average time 78.69878259981711
128
white heuristic56
black mcts72
0.125
average time 78.67828332073987
129
white heuristic56
black mcts73
0.13178294573643412
average time 78.62858939540479
