1
white heuristic0
black mcts1
1.0
average time 83.82646775245667
2
white heuristic1
black mcts1
0.0
average time 86.08336234092712
3
white heuristic1
black mcts2
0.3333333333333333
average time 87.02091161410014
4
white heuristic2
black mcts2
0.0
average time 85.46779197454453
5
white heuristic3
black mcts2
-0.2
average time 83.5220627784729
6
white heuristic4
black mcts2
-0.3333333333333333
average time 84.84602113564809
7
white heuristic4
black mcts3
-0.14285714285714285
average time 85.73168097223554
8
white heuristic4
black mcts4
0.0
average time 84.53397396206856
9
white heuristic4
black mcts5
0.1111111111111111
average time 82.92144144905939
10
white heuristic4
black mcts6
0.2
average time 83.53685448169708
11
white heuristic4
black mcts7
0.2727272727272727
average time 84.64793261614713
12
white heuristic4
black mcts8
0.3333333333333333
average time 83.02568499247234
13
white heuristic4
black mcts9
0.38461538461538464
average time 82.09921622276306
14
white heuristic4
black mcts10
0.42857142857142855
average time 81.02081934043339
15
white heuristic4
black mcts11
0.4666666666666667
average time 82.41732672055562
16
white heuristic5
black mcts11
0.375
average time 81.23558966815472
17
white heuristic5
black mcts12
0.4117647058823529
average time 82.50630705496845
18
white heuristic6
black mcts12
0.3333333333333333
average time 82.66877721415625
19
white heuristic7
black mcts12
0.2631578947368421
average time 82.50005136038128
20
white heuristic7
black mcts13
0.3
average time 82.39684559106827
21
white heuristic7
black mcts14
0.3333333333333333
average time 82.193274077915
22
white heuristic7
black mcts15
0.36363636363636365
average time 82.83864708380266
23
white heuristic7
black mcts16
0.391304347826087
average time 82.30960072641787
24
white heuristic8
black mcts16
0.3333333333333333
average time 82.75181682904561
25
white heuristic9
black mcts16
0.28
average time 82.68799275398254
26
white heuristic10
black mcts16
0.23076923076923078
average time 82.78779653402475
27
white heuristic11
black mcts16
0.18518518518518517
average time 82.63046099521496
28
white heuristic11
black mcts17
0.21428571428571427
average time 82.46787231309074
29
white heuristic11
black mcts18
0.2413793103448276
average time 82.47047171921565
30
white heuristic11
black mcts19
0.26666666666666666
average time 82.89573719501496
31
white heuristic11
black mcts20
0.2903225806451613
average time 82.83718296789354
32
white heuristic12
black mcts20
0.25
average time 82.558794118464
33
white heuristic13
black mcts20
0.21212121212121213
average time 82.47179068941058
34
white heuristic13
black mcts21
0.23529411764705882
average time 82.30511876414803
35
white heuristic13
black mcts22
0.2571428571428571
average time 82.47220079558237
36
white heuristic13
black mcts23
0.2777777777777778
average time 82.09229627582762
37
white heuristic14
black mcts23
0.24324324324324326
average time 81.99222621402225
38
white heuristic14
black mcts24
0.2631578947368421
average time 81.861753024553
39
white heuristic15
black mcts24
0.23076923076923078
average time 81.9025831467066
40
white heuristic15
black mcts25
0.25
average time 82.0108798980713
41
white heuristic16
black mcts25
0.21951219512195122
average time 82.06132189820453
42
white heuristic16
black mcts26
0.23809523809523808
average time 81.87638418447403
43
white heuristic17
black mcts26
0.20930232558139536
average time 81.90789627474408
44
white heuristic17
black mcts27
0.22727272727272727
average time 81.94355059211904
45
white heuristic17
black mcts28
0.24444444444444444
average time 81.83937186665005
46
white heuristic17
black mcts29
0.2608695652173913
average time 81.36915693594062
47
white heuristic18
black mcts29
0.23404255319148937
average time 81.49026082424407
48
white heuristic18
black mcts30
0.25
average time 81.26093739767869
49
white heuristic19
black mcts30
0.22448979591836735
average time 81.32829069118111
50
white heuristic20
black mcts30
0.2
average time 81.4413097190857
51
white heuristic21
black mcts30
0.17647058823529413
average time 81.4010993312387
52
white heuristic21
black mcts31
0.19230769230769232
average time 81.40022438306075
53
white heuristic22
black mcts31
0.16981132075471697
average time 81.14257899770197
54
white heuristic23
black mcts31
0.14814814814814814
average time 81.11816230968192
55
white heuristic24
black mcts31
0.12727272727272726
average time 81.01769672307101
56
white heuristic25
black mcts31
0.10714285714285714
average time 81.272172834192
57
white heuristic26
black mcts31
0.08771929824561403
average time 81.19440759273998
58
white heuristic26
black mcts32
0.10344827586206896
average time 81.09672035842107
59
white heuristic26
black mcts33
0.11864406779661017
average time 81.00330701520888
60
white heuristic27
black mcts33
0.1
average time 80.89768286546071
61
white heuristic27
black mcts34
0.11475409836065574
average time 80.89185002983594
62
white heuristic28
black mcts34
0.0967741935483871
average time 80.84150460843117
63
white heuristic29
black mcts34
0.07936507936507936
average time 81.01219164757501
64
white heuristic29
black mcts35
0.09375
average time 81.01240262389183
65
white heuristic30
black mcts35
0.07692307692307693
average time 81.00480135404146
66
white heuristic30
black mcts36
0.09090909090909091
average time 80.97757355733351
67
white heuristic31
black mcts36
0.07462686567164178
average time 81.00893614897088
68
white heuristic31
black mcts37
0.08823529411764706
average time 81.1040164547808
69
white heuristic32
black mcts37
0.07246376811594203
average time 81.1865356348563
70
white heuristic33
black mcts37
0.05714285714285714
average time 81.27978614057814
71
white heuristic34
black mcts37
0.04225352112676056
average time 81.29586436714925
72
white heuristic34
black mcts38
0.05555555555555555
average time 81.25015556812286
73
white heuristic34
black mcts39
0.0684931506849315
average time 81.30896103872011
74
white heuristic34
black mcts40
0.08108108108108109
average time 81.17850937714448
75
white heuristic35
black mcts40
0.06666666666666667
average time 81.07870197296143
76
white heuristic35
black mcts41
0.07894736842105263
average time 80.949162000104
77
white heuristic36
black mcts41
0.06493506493506493
average time 80.93579444018278
78
white heuristic36
black mcts42
0.07692307692307693
average time 80.92802458848709
79
white heuristic36
black mcts43
0.08860759493670886
average time 80.89298509947861
80
white heuristic36
black mcts44
0.1
average time 80.86973234713078
81
white heuristic37
black mcts44
0.08641975308641975
average time 80.91065515706569
82
white heuristic38
black mcts44
0.07317073170731707
average time 80.8153083760564
83
white heuristic38
black mcts45
0.08433734939759036
average time 80.75922774694052
84
white heuristic39
black mcts45
0.07142857142857142
average time 80.72489967800323
85
white heuristic39
black mcts46
0.08235294117647059
average time 80.74720979858847
86
white heuristic39
black mcts47
0.09302325581395349
average time 80.80068314907163
87
white heuristic39
black mcts48
0.10344827586206896
average time 80.56713703308982
88
white heuristic39
black mcts49
0.11363636363636363
average time 80.56297645243731
89
white heuristic40
black mcts49
0.10112359550561797
average time 80.57669861664932
90
white heuristic40
black mcts50
0.1111111111111111
average time 80.61039598782857
91
white heuristic40
black mcts51
0.12087912087912088
average time 80.55951514086881
92
white heuristic40
black mcts52
0.13043478260869565
average time 80.59742061729017
93
white heuristic41
black mcts52
0.11827956989247312
average time 80.47046655993307
94
white heuristic42
black mcts52
0.10638297872340426
average time 80.4741391273255
95
white heuristic43
black mcts52
0.09473684210526316
average time 80.49426074529948
96
white heuristic43
black mcts53
0.10416666666666667
average time 80.45085512350003
97
white heuristic44
black mcts53
0.09278350515463918
average time 80.41135180119386
98
white heuristic45
black mcts53
0.08163265306122448
average time 80.43891743737824
99
white heuristic45
black mcts54
0.09090909090909091
average time 80.5188587362116
100
white heuristic45
black mcts55
0.1
average time 80.44164767980575
101
white heuristic46
black mcts55
0.0891089108910891
average time 80.28280439471254
102
white heuristic47
black mcts55
0.0784313725490196
average time 80.2848895554449
103
white heuristic47
black mcts56
0.08737864077669903
average time 80.21064947415324
104
white heuristic47
black mcts57
0.09615384615384616
average time 80.22068492265848
105
white heuristic48
black mcts57
0.08571428571428572
average time 80.16945739019485
106
white heuristic49
black mcts57
0.07547169811320754
average time 80.16289994401752
107
white heuristic49
black mcts58
0.08411214953271028
average time 80.06234013922861
108
white heuristic49
black mcts59
0.09259259259259259
average time 79.94554959182386
109
white heuristic49
black mcts60
0.10091743119266056
average time 79.9817387992089
110
white heuristic50
black mcts60
0.09090909090909091
average time 79.98960416316986
111
white heuristic50
black mcts61
0.0990990990990991
average time 79.88646761146751
112
white heuristic50
black mcts62
0.10714285714285714
average time 79.87915629361358
113
white heuristic51
black mcts62
0.09734513274336283
average time 79.84601831647147
114
white heuristic51
black mcts63
0.10526315789473684
average time 79.89396053448058
115
white heuristic52
black mcts63
0.09565217391304348
average time 79.91021200884943
116
white heuristic52
black mcts64
0.10344827586206896
average time 79.9343436976959
117
white heuristic53
black mcts64
0.09401709401709402
average time 79.88238328134912
118
white heuristic54
black mcts64
0.0847457627118644
average time 79.94062536449756
119
white heuristic54
black mcts65
0.09243697478991597
average time 80.00602177010865
120
white heuristic54
black mcts66
0.1
average time 80.02131416400273
121
white heuristic54
black mcts67
0.10743801652892562
average time 79.88468302379955
122
white heuristic55
black mcts67
0.09836065573770492
average time 79.8093243583304
123
white heuristic55
black mcts68
0.10569105691056911
average time 79.74079888622936
124
white heuristic55
black mcts69
0.11290322580645161
average time 79.70364494093003
125
white heuristic55
black mcts70
0.12
average time 79.635538438797
126
white heuristic55
black mcts71
0.12698412698412698
average time 79.58836198420752
127
white heuristic55
black mcts72
0.13385826771653545
average time 79.59998003704341
128
white heuristic55
black mcts73
0.140625
average time 79.51204158551991
129
white heuristic55
black mcts74
0.14728682170542637
average time 79.584842262342
130
white heuristic56
black mcts74
0.13846153846153847
average time 79.60049528525425
131
white heuristic57
black mcts74
0.1297709923664122
average time 79.66585886205425
132
white heuristic58
black mcts74
0.12121212121212122
average time 79.66832981687604
133
white heuristic59
black mcts74
0.11278195488721804
average time 79.641550021064
