1
white heuristic0
black mcts1
1.0
average time 369.5387661457062
2
white heuristic1
black mcts1
0.0
average time 358.2773891687393
3
white heuristic1
black mcts2
0.3333333333333333
average time 357.45014238357544
4
white heuristic2
black mcts2
0.0
average time 365.0142483115196
5
white heuristic2
black mcts3
0.2
average time 354.1545412540436
6
white heuristic3
black mcts3
0.0
average time 356.1771460374196
7
white heuristic4
black mcts3
-0.14285714285714285
average time 351.09911629131864
8
white heuristic5
black mcts3
-0.25
average time 345.60321602225304
9
white heuristic6
black mcts3
-0.3333333333333333
average time 345.71406682332355
10
white heuristic6
black mcts4
-0.2
average time 347.64908812046053
11
white heuristic6
black mcts5
-0.09090909090909091
average time 345.14325620911336
12
white heuristic6
black mcts6
0.0
average time 343.90286177396774
13
white heuristic7
black mcts6
-0.07692307692307693
average time 341.7619950954731
14
white heuristic8
black mcts6
-0.14285714285714285
average time 344.6817777327129
15
white heuristic8
black mcts7
-0.06666666666666667
average time 341.09712568918866
16
white heuristic8
black mcts8
0.0
average time 343.02092531323433
17
white heuristic8
black mcts9
0.058823529411764705
average time 344.99815778171313
18
white heuristic9
black mcts9
0.0
average time 346.24033501413135
19
white heuristic10
black mcts9
-0.05263157894736842
average time 347.88201712307176
20
white heuristic10
black mcts10
0.0
average time 349.84466301202775
21
white heuristic10
black mcts11
0.047619047619047616
average time 348.197067340215
22
white heuristic10
black mcts12
0.09090909090909091
average time 345.32490546053106
23
white heuristic10
black mcts13
0.13043478260869565
average time 344.3069724000019
24
white heuristic10
black mcts14
0.16666666666666666
average time 343.93980755408603
25
white heuristic10
black mcts15
0.2
average time 344.56368260383607
26
white heuristic10
black mcts16
0.23076923076923078
average time 342.81153519336993
27
white heuristic11
black mcts16
0.18518518518518517
average time 344.2018118964301
28
white heuristic11
black mcts17
0.21428571428571427
average time 344.0625151821545
