1
white heuristic1
black mcts0
-1.0
average time 379.4065001010895
2
white heuristic1
black mcts1
0.0
average time 360.3293534517288
3
white heuristic2
black mcts1
-0.3333333333333333
average time 360.5365083217621
4
white heuristic3
black mcts1
-0.5
average time 359.4336159825325
5
white heuristic4
black mcts1
-0.6
average time 368.94588418006896
6
white heuristic4
black mcts2
-0.3333333333333333
average time 373.48990265528363
7
white heuristic4
black mcts3
-0.14285714285714285
average time 366.54490900039673
8
white heuristic5
black mcts3
-0.25
average time 370.26519414782524
9
white heuristic6
black mcts3
-0.3333333333333333
average time 382.3709563414256
10
white heuristic7
black mcts3
-0.4
average time 380.41691439151765
11
white heuristic7
black mcts4
-0.2727272727272727
average time 379.6714888052507
12
white heuristic7
black mcts5
-0.16666666666666666
average time 372.69352384408313
13
white heuristic7
black mcts6
-0.07692307692307693
average time 372.2279822276189
14
white heuristic7
black mcts7
0.0
average time 370.5501638480595
15
white heuristic8
black mcts7
-0.06666666666666667
average time 373.01770439147947
16
white heuristic8
black mcts8
0.0
average time 369.4364049434662
17
white heuristic8
black mcts9
0.058823529411764705
average time 367.4855039961198
18
white heuristic8
black mcts10
0.1111111111111111
average time 366.6388448874156
19
white heuristic8
black mcts11
0.15789473684210525
average time 364.246507054881
20
white heuristic8
black mcts12
0.2
average time 363.2816572070122
21
white heuristic8
black mcts13
0.23809523809523808
average time 361.92378943307057
22
white heuristic8
black mcts14
0.2727272727272727
average time 360.90150204571813
23
white heuristic9
black mcts14
0.21739130434782608
average time 359.3638384860495
